[debug] [2025-07-28T11:53:14.993Z] ----------------------------------------------------------------------
[debug] [2025-07-28T11:53:14.998Z] Command:       C:\Program Files\nodejs\node.exe C:\Users\JP\AppData\Roaming\npm\node_modules\firebase-tools\lib\bin\firebase.js init
[debug] [2025-07-28T11:53:14.999Z] CLI Version:   14.11.1
[debug] [2025-07-28T11:53:14.999Z] Platform:      win32
[debug] [2025-07-28T11:53:14.999Z] Node Version:  v22.17.1
[debug] [2025-07-28T11:53:15.000Z] Time:          Mon Jul 28 2025 17:23:15 GMT+0530 (India Standard Time)
[debug] [2025-07-28T11:53:15.000Z] ----------------------------------------------------------------------
[debug] 
[debug] [2025-07-28T11:53:15.328Z] > command requires scopes: ["email","openid","https://www.googleapis.com/auth/cloudplatformprojects.readonly","https://www.googleapis.com/auth/firebase","https://www.googleapis.com/auth/cloud-platform"]
[debug] [2025-07-28T11:53:15.329Z] > authorizing via signed-in user (bharath19h142@gmail.com)
[info] 
     ######## #### ########  ######## ########     ###     ######  ########
     ##        ##  ##     ## ##       ##     ##  ##   ##  ##       ##
     ######    ##  ########  ######   ########  #########  ######  ######
     ##        ##  ##    ##  ##       ##     ## ##     ##       ## ##
     ##       #### ##     ## ######## ########  ##     ##  ######  ########

You're about to initialize a Firebase project in this directory:

  C:\marketting\bb\shop\LakshmiGoldShop

Before we get started, keep in mind:

  * You are currently outside your home directory
  * You are initializing within an existing Firebase project directory

[info] 
=== Project Setup
[info] 
[info] First, let's associate this project directory with a Firebase project.
[info] You can create multiple project aliases by running firebase use --add, 
[info] but for now we'll just set up a default project.
[info] 
[debug] [2025-07-28T11:53:26.266Z] Using project from CLI flag: lakshmi-gold-covering-shop
[debug] [2025-07-28T11:53:26.268Z] Checked if tokens are valid: true, expires at: 1753704693491
[debug] [2025-07-28T11:53:26.268Z] Checked if tokens are valid: true, expires at: 1753704693491
[debug] [2025-07-28T11:53:26.270Z] >>> [apiv2][query] GET https://firebase.googleapis.com/v1beta1/projects/lakshmi-gold-covering-shop [none]
[debug] [2025-07-28T11:53:26.803Z] <<< [apiv2][status] GET https://firebase.googleapis.com/v1beta1/projects/lakshmi-gold-covering-shop 200
[debug] [2025-07-28T11:53:26.803Z] <<< [apiv2][body] GET https://firebase.googleapis.com/v1beta1/projects/lakshmi-gold-covering-shop {"projectId":"lakshmi-gold-covering-shop","projectNumber":"169246352285","displayName":"Lakshmi Gold Covering Shop","name":"projects/lakshmi-gold-covering-shop","resources":{"hostingSite":"lakshmi-gold-covering-shop"},"state":"ACTIVE","etag":"1_874c44e3-f075-4f10-86da-d0a5e43171fb"}
[info] i  Using project lakshmi-gold-covering-shop (Lakshmi Gold Covering Shop) 
[info] 
=== Hosting Setup
[debug] [2025-07-28T11:53:26.823Z] Checked if tokens are valid: true, expires at: 1753704693491
[debug] [2025-07-28T11:53:26.824Z] Checked if tokens are valid: true, expires at: 1753704693491
[debug] [2025-07-28T11:53:26.824Z] >>> [apiv2][query] GET https://firebase.googleapis.com/v1beta1/projects/lakshmi-gold-covering-shop [none]
[debug] [2025-07-28T11:53:27.188Z] <<< [apiv2][status] GET https://firebase.googleapis.com/v1beta1/projects/lakshmi-gold-covering-shop 200
[debug] [2025-07-28T11:53:27.188Z] <<< [apiv2][body] GET https://firebase.googleapis.com/v1beta1/projects/lakshmi-gold-covering-shop {"projectId":"lakshmi-gold-covering-shop","projectNumber":"169246352285","displayName":"Lakshmi Gold Covering Shop","name":"projects/lakshmi-gold-covering-shop","resources":{"hostingSite":"lakshmi-gold-covering-shop"},"state":"ACTIVE","etag":"1_874c44e3-f075-4f10-86da-d0a5e43171fb"}
[info] 
[info] Your public directory is the folder (relative to your project directory) that
[info] will contain Hosting assets to be uploaded with firebase deploy. If you
[info] have a build process for your assets, use your build's output directory.
[info] 
[debug] [2025-07-28T11:54:01.788Z] >>> [apiv2][query] GET https://www.gstatic.com/firebasejs/releases.json [none]
[debug] [2025-07-28T11:54:01.865Z] <<< [apiv2][status] GET https://www.gstatic.com/firebasejs/releases.json 200
[debug] [2025-07-28T11:54:01.866Z] <<< [apiv2][body] GET https://www.gstatic.com/firebasejs/releases.json {"current":{"version":"12.0.0","browserURL":"https://www.gstatic.com/firebasejs/12.0.0/firebase.js","packageURL":"https://www.gstatic.com/firebasejs/12.0.0/firebase.tgz"},"live":{"version":"12.0","browserURL":"https://www.gstatic.com/firebasejs/live/12.0/firebase.js","packageURL":"https://www.gstatic.com/firebasejs/live/12.0/firebase.tgz"},"components":{"ai":"https://www.gstatic.com/firebasejs/12.0.0/firebase-ai.js","analytics":"https://www.gstatic.com/firebasejs/12.0.0/firebase-analytics.js","app":"https://www.gstatic.com/firebasejs/12.0.0/firebase-app.js","app-check":"https://www.gstatic.com/firebasejs/12.0.0/firebase-app-check.js","auth":"https://www.gstatic.com/firebasejs/12.0.0/firebase-auth.js","auth/cordova":"https://www.gstatic.com/firebasejs/12.0.0/firebase-auth/cordova.js","auth/web-extension":"https://www.gstatic.com/firebasejs/12.0.0/firebase-auth/web-extension.js","functions":"https://www.gstatic.com/firebasejs/12.0.0/firebase-functions.js","firestore":"https://www.gstatic.com/firebasejs/12.0.0/firebase-firestore.js","firestore/lite":"https://www.gstatic.com/firebasejs/12.0.0/firebase-firestore/lite.js","installations":"https://www.gstatic.com/firebasejs/12.0.0/firebase-installations.js","storage":"https://www.gstatic.com/firebasejs/12.0.0/firebase-storage.js","performance":"https://www.gstatic.com/firebasejs/12.0.0/firebase-performance.js","remote-config":"https://www.gstatic.com/firebasejs/12.0.0/firebase-remote-config.js","messaging":"https://www.gstatic.com/firebasejs/12.0.0/firebase-messaging.js","messaging/sw":"https://www.gstatic.com/firebasejs/12.0.0/firebase-messaging/sw.js","database":"https://www.gstatic.com/firebasejs/12.0.0/firebase-database.js","data-connect":"https://www.gstatic.com/firebasejs/12.0.0/firebase-data-connect.js","firestore.memory":"https://www.gstatic.com/firebasejs/12.0.0/firebase-firestore.memory.js"}}
[debug] [2025-07-28T11:54:01.992Z] Error: ENOTDIR: not a directory, scandir 'C:\marketting\bb\shop\LakshmiGoldShop\index.html'
    at Object.readdirSync (node:fs:1583:26)
    at Object.createFileSync (C:\Users\JP\AppData\Roaming\npm\node_modules\firebase-tools\node_modules\fs-extra\lib\ensure\file.js:55:10)
    at Config.writeProjectFile (C:\Users\JP\AppData\Roaming\npm\node_modules\firebase-tools\lib\config.js:160:12)
    at Config.askWriteProjectFile (C:\Users\JP\AppData\Roaming\npm\node_modules\firebase-tools\lib\config.js:208:14)
    at process.processTicksAndRejections (node:internal/process/task_queues:105:5)
    at async Object.doSetup (C:\Users\JP\AppData\Roaming\npm\node_modules\firebase-tools\lib\init\features\hosting\index.js:157:9)
    at async init (C:\Users\JP\AppData\Roaming\npm\node_modules\firebase-tools\lib\init\index.js:62:13)
    at async Command.initAction [as actionFn] (C:\Users\JP\AppData\Roaming\npm\node_modules\firebase-tools\lib\commands\init.js:205:5)
[error] 
[error] Error: An unexpected error has occurred.
